2026-01-20 20:07:23,589 - INFO - 🔄 전체 데이터 수집 시작: 2026-01-20
2026-01-20 20:07:23,589 - INFO - 📊 산업동향 데이터 수집 중...
2026-01-20 20:07:23,589 - INFO - ✅ 산업동향 데이터 수집 완료: 3개
2026-01-20 20:07:23,589 - INFO - 📦 원자재동향 데이터 수집 중...
2026-01-20 20:07:23,590 - INFO - ✅ 원자재동향 데이터 수집 완료: 3개
2026-01-20 20:07:23,590 - INFO - 📈 시장트렌드 데이터 수집 중...
2026-01-20 20:07:23,590 - INFO - ✅ 시장트렌드 데이터 수집 완료: 3개
2026-01-20 20:07:23,590 - INFO - 🌍 국가동향 데이터 수집 중...
2026-01-20 20:07:23,590 - INFO - ✅ 국가동향 데이터 수집 완료: 3개
2026-01-20 20:07:23,590 - INFO - ⚖️ 법적규제 데이터 수집 중...
2026-01-20 20:07:23,590 - INFO - ✅ 법적규제 데이터 수집 완료: 3개
2026-01-20 20:07:23,590 - INFO - 👥 소비자동향 데이터 수집 중...
2026-01-20 20:07:23,590 - INFO - ✅ 소비자동향 데이터 수집 완료: 3개
2026-01-20 20:07:23,590 - INFO - 🏆 해외인증 데이터 수집 중...
2026-01-20 20:07:23,590 - INFO - ✅ 해외인증 데이터 수집 완료: 3개
2026-01-20 20:07:23,590 - INFO - 🎪 해외전시회 데이터 수집 중...
2026-01-20 20:07:23,590 - INFO - ✅ 해외전시회 데이터 수집 완료: 3개
2026-01-20 20:07:23,590 - INFO - 🌱 ESG 데이터 수집 중...
2026-01-20 20:07:23,590 - INFO - ✅ ESG 데이터 수집 완료: 3개
2026-01-20 20:07:23,590 - INFO - 🌍 CBAM 데이터 수집 중...
2026-01-20 20:07:23,590 - INFO - ✅ CBAM 데이터 수집 완료: 3개
2026-01-20 20:07:23,590 - INFO - 📄 지속가능경영보고서 데이터 수집 중...
2026-01-20 20:07:23,590 - INFO - ✅ 지속가능경영보고서 데이터 수집 완료: 3개
2026-01-20 20:07:23,590 - INFO - ✅ 전체 데이터 수집 완료: 2026-01-20
2026-01-20 20:08:03,226 - INFO - 🔄 전체 데이터 수집 시작: 2026-01-20
2026-01-20 20:08:03,226 - INFO - 📊 산업동향 데이터 수집 중...
2026-01-20 20:08:03,226 - INFO - ✅ 산업동향 데이터 수집 완료: 3개
2026-01-20 20:08:03,226 - INFO - 📦 원자재동향 데이터 수집 중...
2026-01-20 20:08:03,226 - INFO - ✅ 원자재동향 데이터 수집 완료: 3개
2026-01-20 20:08:03,226 - INFO - 📈 시장트렌드 데이터 수집 중...
2026-01-20 20:08:03,226 - INFO - ✅ 시장트렌드 데이터 수집 완료: 3개
2026-01-20 20:08:03,226 - INFO - 🌍 국가동향 데이터 수집 중...
2026-01-20 20:08:03,226 - INFO - ✅ 국가동향 데이터 수집 완료: 3개
2026-01-20 20:08:03,226 - INFO - ⚖️ 법적규제 데이터 수집 중...
2026-01-20 20:08:03,226 - INFO - ✅ 법적규제 데이터 수집 완료: 3개
2026-01-20 20:08:03,226 - INFO - 👥 소비자동향 데이터 수집 중...
2026-01-20 20:08:03,226 - INFO - ✅ 소비자동향 데이터 수집 완료: 3개
2026-01-20 20:08:03,226 - INFO - 🏆 해외인증 데이터 수집 중...
2026-01-20 20:08:03,226 - INFO - ✅ 해외인증 데이터 수집 완료: 3개
2026-01-20 20:08:03,226 - INFO - 🎪 해외전시회 데이터 수집 중...
2026-01-20 20:08:03,226 - INFO - ✅ 해외전시회 데이터 수집 완료: 3개
2026-01-20 20:08:03,226 - INFO - 🌱 ESG 데이터 수집 중...
2026-01-20 20:08:03,226 - INFO - ✅ ESG 데이터 수집 완료: 3개
2026-01-20 20:08:03,226 - INFO - 🌍 CBAM 데이터 수집 중...
2026-01-20 20:08:03,226 - INFO - ✅ CBAM 데이터 수집 완료: 3개
2026-01-20 20:08:03,226 - INFO - 📄 지속가능경영보고서 데이터 수집 중...
2026-01-20 20:08:03,226 - INFO - ✅ 지속가능경영보고서 데이터 수집 완료: 3개
2026-01-20 20:08:03,226 - INFO - ✅ 전체 데이터 수집 완료: 2026-01-20
2026-01-20 20:08:03,227 - INFO - Fetching exchange rate trend data...
2026-01-20 20:08:03,227 - INFO - Exchange rate trend data collected: 30 days
